d:\学习\大学\大二\大二下\小学期\code\mfc_librarylendingsystem_10.6-from李杰\debug\mfc_librarylendingsystem.pch
d:\学习\大学\大二\大二下\小学期\code\mfc_librarylendingsystem_10.6-from李杰\debug\vc142.pdb
d:\学习\大学\大二\大二下\小学期\code\mfc_librarylendingsystem_10.6-from李杰\debug\vc142.idb
d:\学习\大学\大二\大二下\小学期\code\mfc_librarylendingsystem_10.6-from李杰\debug\pch.obj
d:\学习\大学\大二\大二下\小学期\code\mfc_librarylendingsystem_10.6-from李杰\debug\mfc_studentmessshow_dbclick.obj
d:\学习\大学\大二\大二下\小学期\code\mfc_librarylendingsystem_10.6-from李杰\debug\mfc_studentmessdeletedlg.obj
d:\学习\大学\大二\大二下\小学期\code\mfc_librarylendingsystem_10.6-from李杰\debug\mfc_studentmessadddlg.obj
d:\学习\大学\大二\大二下\小学期\code\mfc_librarylendingsystem_10.6-from李杰\debug\mfc_studentmessaddalotdlg.obj
d:\学习\大学\大二\大二下\小学期\code\mfc_librarylendingsystem_10.6-from李杰\debug\mfc_studentmanage.obj
d:\学习\大学\大二\大二下\小学期\code\mfc_librarylendingsystem_10.6-from李杰\debug\mfc_studentborrowlist.obj
d:\学习\大学\大二\大二下\小学期\code\mfc_librarylendingsystem_10.6-from李杰\debug\mfc_returnlistshow_dbclick.obj
d:\学习\大学\大二\大二下\小学期\code\mfc_librarylendingsystem_10.6-from李杰\debug\mfc_returnlist.obj
d:\学习\大学\大二\大二下\小学期\code\mfc_librarylendingsystem_10.6-from李杰\debug\mfc_menulogfalse.obj
d:\学习\大学\大二\大二下\小学期\code\mfc_librarylendingsystem_10.6-from李杰\debug\mfc_librarylendingsystemdlg.obj
d:\学习\大学\大二\大二下\小学期\code\mfc_librarylendingsystem_10.6-from李杰\debug\mfc_librarylendingsystem.obj
d:\学习\大学\大二\大二下\小学期\code\mfc_librarylendingsystem_10.6-from李杰\debug\mfc_borrowmenu.obj
d:\学习\大学\大二\大二下\小学期\code\mfc_librarylendingsystem_10.6-from李杰\debug\mfc_borrowlist.obj
d:\学习\大学\大二\大二下\小学期\code\mfc_librarylendingsystem_10.6-from李杰\debug\mfc_borrowbookshow_dbclick.obj
d:\学习\大学\大二\大二下\小学期\code\mfc_librarylendingsystem_10.6-from李杰\debug\mfc_bookmessdeletedlg.obj
d:\学习\大学\大二\大二下\小学期\code\mfc_librarylendingsystem_10.6-from李杰\debug\mfc_bookmessadddlg.obj
d:\学习\大学\大二\大二下\小学期\code\mfc_librarylendingsystem_10.6-from李杰\debug\mfc_bookmanage_dbclick.obj
d:\学习\大学\大二\大二下\小学期\code\mfc_librarylendingsystem_10.6-from李杰\debug\mfc_bookmanage.obj
d:\学习\大学\大二\大二下\小学期\code\mfc_librarylendingsystem_10.6-from李杰\debug\mfc_adminmenu.obj
d:\学习\大学\大二\大二下\小学期\code\mfc_librarylendingsystem_10.6-from李杰\debug\mfc_librarylendingsystem.exe
d:\学习\大学\大二\大二下\小学期\code\mfc_librarylendingsystem_10.6-from李杰\debug\mfc_librarylendingsystem.ilk
d:\学习\大学\大二\大二下\小学期\code\mfc_librarylendingsystem_10.6-from李杰\debug\mfc_librarylendingsystem.pdb
d:\学习\大学\大二\大二下\小学期\code\mfc_librarylendingsystem_10.6-from李杰\debug\mfclibrarylendingsystem.res
d:\学习\大学\大二\大二下\小学期\code\mfc_librarylendingsystem_10.6-from李杰\debug\mfc_adminmenu.obj.enc
d:\学习\大学\大二\大二下\小学期\code\mfc_librarylendingsystem_10.6-from李杰\debug\mfc_studentmanage.obj.enc
d:\学习\大学\大二\大二下\小学期\code\mfc_librarylendingsystem_10.6-from李杰\debug\mfc_libr.784305c0.tlog\cl.command.1.tlog
d:\学习\大学\大二\大二下\小学期\code\mfc_librarylendingsystem_10.6-from李杰\debug\mfc_libr.784305c0.tlog\cl.read.1.tlog
d:\学习\大学\大二\大二下\小学期\code\mfc_librarylendingsystem_10.6-from李杰\debug\mfc_libr.784305c0.tlog\cl.write.1.tlog
d:\学习\大学\大二\大二下\小学期\code\mfc_librarylendingsystem_10.6-from李杰\debug\mfc_libr.784305c0.tlog\link.command.1.tlog
d:\学习\大学\大二\大二下\小学期\code\mfc_librarylendingsystem_10.6-from李杰\debug\mfc_libr.784305c0.tlog\link.delete.1.tlog
d:\学习\大学\大二\大二下\小学期\code\mfc_librarylendingsystem_10.6-from李杰\debug\mfc_libr.784305c0.tlog\link.read.1.tlog
d:\学习\大学\大二\大二下\小学期\code\mfc_librarylendingsystem_10.6-from李杰\debug\mfc_libr.784305c0.tlog\link.write.1.tlog
d:\学习\大学\大二\大二下\小学期\code\mfc_librarylendingsystem_10.6-from李杰\debug\mfc_libr.784305c0.tlog\rc.command.1.tlog
d:\学习\大学\大二\大二下\小学期\code\mfc_librarylendingsystem_10.6-from李杰\debug\mfc_libr.784305c0.tlog\rc.read.1.tlog
d:\学习\大学\大二\大二下\小学期\code\mfc_librarylendingsystem_10.6-from李杰\debug\mfc_libr.784305c0.tlog\rc.write.1.tlog
